2013-07-08 13:36:32,850 DEBUG [com.sapienter.jbilling.common.SystemProperties] System properties loaded from: C:\Users\user\.grails\1.3.4\projects\jbilling-community-3.0.2_git\resources\jbilling.properties
2013-07-08 13:36:32,861 DEBUG [com.sapienter.jbilling.common.SystemProperties] Resolved jbilling resources directory to: 
2013-07-08 13:36:41,503 DEBUG [com.sapienter.jbilling.server.util.db.JbillingTableDAS] Looking for table + pluggable_task_type_category
2013-07-08 13:36:41,595 DEBUG [com.sapienter.jbilling.server.pluggableTask.admin.PluggableTaskManager] total classes = 2
2013-07-08 13:36:41,595 DEBUG [com.sapienter.jbilling.server.util.Bootstrap] Processing 2 scheduled tasks for entity 11
2013-07-08 13:36:41,595 DEBUG [com.sapienter.jbilling.server.pluggableTask.admin.PluggableTaskManager] Applying task com.sapienter.jbilling.server.billing.task.BillingProcessTask
2013-07-08 13:36:41,603 DEBUG [com.sapienter.jbilling.server.pluggableTask.admin.PluggableTaskManager] Creating a new instance of com.sapienter.jbilling.server.billing.task.BillingProcessTask
2013-07-08 13:36:41,713 DEBUG [com.sapienter.jbilling.server.billing.task.BillingProcessTask] Scheduling billing process from jbilling.properties ...
2013-07-08 13:36:41,713 DEBUG [com.sapienter.jbilling.server.util.Bootstrap] Scheduled: [billing process: start: , end: null, repeat: infinite, interval: 720 mins]
2013-07-08 13:36:41,713 DEBUG [com.sapienter.jbilling.server.pluggableTask.admin.PluggableTaskManager] Applying task com.sapienter.jbilling.server.process.task.AgeingProcessTask
2013-07-08 13:36:41,714 DEBUG [com.sapienter.jbilling.server.pluggableTask.admin.PluggableTaskManager] Creating a new instance of com.sapienter.jbilling.server.process.task.AgeingProcessTask
2013-07-08 13:36:41,714 DEBUG [com.sapienter.jbilling.server.process.task.AgeingProcessTask] Scheduling ageing process from jbilling.properties ...
2013-07-08 13:36:41,714 DEBUG [com.sapienter.jbilling.server.util.Bootstrap] Scheduled: [ageing process: entity 11, start: , end: null, repeat: infinite, interval: 720 mins]
2013-07-08 13:36:41,714 DEBUG [com.sapienter.jbilling.server.util.Bootstrap] Starting the job scheduler
2013-07-08 13:37:11,731 DEBUG [com.sapienter.jbilling.client.authentication.CompanyUserAuthenticationFilter] Request is to process authentication
2013-07-08 13:37:11,849 DEBUG [com.sapienter.jbilling.server.user.UserBL] Reading permisions for user 10
2013-07-08 13:37:11,988 DEBUG [com.sapienter.jbilling.server.util.db.JbillingTableDAS] Looking for table + role
2013-07-08 13:37:12,062 DEBUG [com.sapienter.jbilling.client.authentication.util.SecuritySession] Setting locale for Spring contexts: en_DK
2013-07-08 13:37:12,062 DEBUG [com.sapienter.jbilling.client.authentication.CompanyUserAuthenticationFilter] Authentication success. Updating SecurityContextHolder to contain: org.springframework.security.authentication.UsernamePasswordAuthenticationToken@1fe61394: Principal: CompanyUserDetails{id=10, username='Admin;11', mainRoleId=2, companyId=11, currencyId=1, languageId=1, enabled=true, accountExpired=false, credentialsExpired=false, accountLocked=false}; Credentials: [PROTECTED]; Authenticated: true; Details: org.springframework.security.web.authentication.WebAuthenticationDetails@21a2c: RemoteIpAddress: 0:0:0:0:0:0:0:1; SessionId: A71F0F7CB78B69E953CCAAD22782A721; Granted Authorities: API_120, BILLING_80, CUSTOMER_10, CUSTOMER_11, CUSTOMER_12, CUSTOMER_13, CUSTOMER_14, CUSTOMER_15, CUSTOMER_16, INVOICE_70, INVOICE_71, INVOICE_72, INVOICE_73, INVOICE_74, MENU_90, MENU_91, MENU_92, MENU_93, MENU_94, MENU_95, MENU_96, MENU_97, MENU_98, MENU_99, ORDER_20, ORDER_21, ORDER_22, ORDER_23, ORDER_24, ORDER_25, ORDER_26, ORDER_27, ORDER_28, PAYMENT_30, PAYMENT_31, PAYMENT_32, PAYMENT_33, PAYMENT_34, PAYMENT_35, PAYMENT_36, PLAN_60, PLAN_61, PLAN_62, PLAN_63, PRODUCT_40, PRODUCT_41, PRODUCT_42, PRODUCT_43, PRODUCT_44, PRODUCT_CATEGORY_50, PRODUCT_CATEGORY_51, PRODUCT_CATEGORY_52, ROLE_SUPER_USER
2013-07-08 13:37:12,556 DEBUG [com.sapienter.jbilling.server.util.db.JbillingTableDAS] Looking for table + currency
2013-07-08 13:37:12,578 INFO  [com.sapienter.jbilling.common.JNDILookup] Default Context set
2013-07-08 13:37:12,578 INFO  [com.sapienter.jbilling.common.JNDILookup] New EJBFactory created.
2013-07-08 13:37:20,540 DEBUG [com.sapienter.jbilling.server.util.db.JbillingTableDAS] Looking for table + user_status
2013-07-08 13:37:29,683 INFO  [grails.app.tagLib.SelectionTagLib] Value of tagName=user.subscriberStatusId is null
2013-07-08 13:37:29,683 INFO  [grails.app.tagLib.SelectionTagLib] Value of tagName=user.subscriberStatusId is null
2013-07-08 13:37:29,698 DEBUG [com.sapienter.jbilling.server.util.db.JbillingTableDAS] Looking for table + subscriber_status
2013-07-08 13:37:30,758 DEBUG [com.sapienter.jbilling.server.util.db.JbillingTableDAS] Looking for table + contact_type
2013-07-08 13:37:32,914 DEBUG [com.sapienter.jbilling.server.util.db.JbillingTableDAS] Looking for table + country
2013-07-08 13:37:34,641 DEBUG [com.sapienter.jbilling.server.util.db.JbillingTableDAS] Looking for table + period_unit
2013-07-08 13:38:06,119 DEBUG [com.sapienter.jbilling.client.user.UserHelper] User UserWS [ach=null, autoRecharge=0.00, automaticPaymentType=1, balanceType=1, blacklistMatches=null, childIds=null, companyName=null, contact=null, createDatetime=null, creditCard=null, creditLimit=0.00, currencyId=1, customerId=null, deleted=0, dueDateUnitId=3, dueDateValue=null, dynamicBalance=null, excludeAgeing=false, failedAttempts=0, id=0, invoiceChild=false, invoiceDeliveryMethodId=1, isParent=false, language=null, languageId=1, lastLogin=null, lastStatusChange=null, mainOrderId=null, mainRoleId=5, nextInvoiceDate=null, notes=, owingBalance=null, parentId=null, partnerId=null, password=null, role=null, status=null, statusId=1, subscriberStatusId=1, userIdBlacklisted=null, userName=cust-3]
2013-07-08 13:38:06,154 DEBUG [com.sapienter.jbilling.client.user.UserHelper] Primary contact (type 20): ContactWS{id=null, type=20, title='null', lastName='', firstName='', initial='null', organization='', address1='', address2='', city='', stateProvince='', postalCode='', countryCode='', phone='', fax='', email='cust@test.com', type='20', include='false'}
2013-07-08 13:38:06,171 DEBUG [com.sapienter.jbilling.client.user.UserHelper] Secondary contacts: [ContactWS{id=null, type=20, title='null', lastName='', firstName='', initial='null', organization='', address1='', address2='', city='', stateProvince='', postalCode='', countryCode='', phone='', fax='', email='cust@test.com', type='20', include='false'}]
2013-07-08 13:38:06,341 DEBUG [com.sapienter.jbilling.server.user.db.CustomerDTO] Customer created with auto-recharge: 0.00 incoming var, 0.00
2013-07-08 13:38:06,341 DEBUG [com.sapienter.jbilling.server.user.UserBL] Creating user UserDTO{id=0, userName='cust-3'}
2013-07-08 13:38:06,444 DEBUG [com.sapienter.jbilling.server.util.db.JbillingTableDAS] Looking for table + base_user
2013-07-08 13:38:06,525 DEBUG [com.sapienter.jbilling.server.user.UserBL] created user id 40
2013-07-08 13:38:06,591 DEBUG [com.sapienter.jbilling.server.user.ContactBL] created  id 500 organizationName  address1  address2  city  stateProvince  postalCode  countryCode  lastName  firstName  initial null title null phoneCountryCode null phoneAreaCode null phoneNumber  faxCountryCode null faxAreaCode null faxNumber null email cust@test.com createDate Mon Jul 08 13:38:06 IST 2013 deleted 0 include 0 userId null contactMap = null com.sapienter.jbilling.server.user.contact.db.ContactMapDTO@92b174 versionNum 0
2013-07-08 13:38:06,608 DEBUG [com.sapienter.jbilling.server.system.event.EventManager] processing event com.sapienter.jbilling.server.user.event.NewContactEvent@a63d9f
2013-07-08 13:38:06,609 DEBUG [com.sapienter.jbilling.server.system.event.InternalEventProcessor] In InternalEventProcessor::process()
2013-07-08 13:38:06,630 DEBUG [com.sapienter.jbilling.server.pluggableTask.admin.PluggableTaskManager] total classes = 0
2013-07-08 13:38:06,630 INFO  [com.sapienter.jbilling.server.system.event.EventManager] No processors for class class com.sapienter.jbilling.server.user.event.NewContactEvent
2013-07-08 13:38:06,630 DEBUG [com.sapienter.jbilling.server.util.db.JbillingTableDAS] Looking for table + contact
2013-07-08 13:38:06,919 DEBUG [com.sapienter.jbilling.server.system.event.EventManager] processing event com.sapienter.jbilling.server.user.event.NewContactEvent@197450c
2013-07-08 13:38:06,919 DEBUG [com.sapienter.jbilling.server.system.event.InternalEventProcessor] In InternalEventProcessor::process()
2013-07-08 13:38:06,934 DEBUG [com.sapienter.jbilling.server.pluggableTask.admin.PluggableTaskManager] total classes = 1
2013-07-08 13:38:06,937 DEBUG [com.sapienter.jbilling.server.pluggableTask.admin.PluggableTaskManager] Creating a new instance of com.sapienter.jbilling.server.user.balance.DynamicBalanceManagerTask
2013-07-08 13:38:06,944 INFO  [com.sapienter.jbilling.server.system.event.EventManager] No processors for class class com.sapienter.jbilling.server.user.event.NewContactEvent
2013-07-08 13:38:21,265 DEBUG [com.sapienter.jbilling.server.util.Bootstrap] Shutting down the job scheduler
